<?xml version="1.0" encoding="UTF-8"?>
<!-- Generated by org.testng.reporters.JUnitReportReporter -->
<testsuite hostname="BASILs-MacBook-Pro.local" name="com.ebafni.testcases.BankManagerLoginTest" tests="1" failures="0" timestamp="2 Dec 2017 22:00:28 GMT" time="0.955" errors="0">
  <testcase name="loginAsBankManager" time="0.955" classname="com.ebafni.testcases.BankManagerLoginTest"/>
</testsuite> <!-- com.ebafni.testcases.BankManagerLoginTest -->
