<?xml version="1.0" encoding="UTF-8"?>
<!-- Generated by org.testng.reporters.JUnitReportReporter -->
<testsuite skipped="0" hostname="BASILs-MacBook-Pro.local" name="com.ebafni.testcases.BankManagerLoginTest" tests="1" failures="0" timestamp="03 Dec 2017 12:14:03 GMT" time="4.127" errors="0">
  <testcase name="loginAsBankManager" time="4.127" classname="com.ebafni.testcases.BankManagerLoginTest"/>
</testsuite> <!-- com.ebafni.testcases.BankManagerLoginTest -->
