<?xml version="1.0" encoding="UTF-8"?>
<!-- Generated by org.testng.reporters.JUnitReportReporter -->
<testsuite skipped="0" hostname="BASILs-MacBook-Pro.local" name="com.ebafni.testcases.OpenAccountTest" tests="1" failures="0" timestamp="03 Dec 2017 12:14:13 GMT" time="3.017" errors="0">
  <testcase name="openAccountTest" time="3.017" classname="com.ebafni.testcases.OpenAccountTest"/>
</testsuite> <!-- com.ebafni.testcases.OpenAccountTest -->
