<?xml version="1.0" encoding="UTF-8"?>
<!-- Generated by org.testng.reporters.JUnitReportReporter -->
<testsuite skipped="1" hostname="BASILs-MacBook-Pro.local" name="com.ebafni.testcases.AddCustomerTest" tests="4" failures="0" timestamp="03 Dec 2017 12:14:08 GMT" time="2.021" errors="0">
  <testcase name="addCustomerTest" time="0.984" classname="com.ebafni.testcases.AddCustomerTest"/>
  <testcase name="addCustomerTest" time="0.001" classname="com.ebafni.testcases.AddCustomerTest">
    <skipped/>
  </testcase> <!-- addCustomerTest -->
  <testcase name="addCustomerTest" time="0.521" classname="com.ebafni.testcases.AddCustomerTest"/>
  <testcase name="addCustomerTest" time="0.515" classname="com.ebafni.testcases.AddCustomerTest"/>
</testsuite> <!-- com.ebafni.testcases.AddCustomerTest -->
